[debug] [2024-02-02T05:29:31.638Z] ----------------------------------------------------------------------
[debug] [2024-02-02T05:29:31.640Z] Command:       C:\Program Files\nodejs\node.exe C:\Users\dhruv\AppData\Roaming\npm\node_modules\firebase-tools\lib\bin\firebase.js init
[debug] [2024-02-02T05:29:31.641Z] CLI Version:   13.1.0
[debug] [2024-02-02T05:29:31.641Z] Platform:      win32
[debug] [2024-02-02T05:29:31.641Z] Node Version:  v20.9.0
[debug] [2024-02-02T05:29:31.641Z] Time:          Fri Feb 02 2024 10:59:31 GMT+0530 (India Standard Time)
[debug] [2024-02-02T05:29:31.641Z] ----------------------------------------------------------------------
[debug] 
[debug] [2024-02-02T05:29:31.646Z] > command requires scopes: ["email","openid","https://www.googleapis.com/auth/cloudplatformprojects.readonly","https://www.googleapis.com/auth/firebase","https://www.googleapis.com/auth/cloud-platform"]
[debug] [2024-02-02T05:29:31.646Z] > authorizing via signed-in user (dhruvvayugundla@gmail.com)
[info] 
     ######## #### ########  ######## ########     ###     ######  ########
     ##        ##  ##     ## ##       ##     ##  ##   ##  ##       ##
     ######    ##  ########  ######   ########  #########  ######  ######
     ##        ##  ##    ##  ##       ##     ## ##     ##       ## ##
     ##       #### ##     ## ######## ########  ##     ##  ######  ########

You're about to initialize a Firebase project in this directory:

  D:\Thyroid-r\react-app

[info] 
=== Project Setup
[info] 
[info] First, let's associate this project directory with a Firebase project.
[info] You can create multiple project aliases by running firebase use --add, 
[info] but for now we'll just set up a default project.
[info] 
[debug] [2024-02-02T05:32:05.182Z] >>> [apiv2][query] GET https://firebase.googleapis.com/v1beta1/projects pageSize=100
[debug] [2024-02-02T05:32:06.168Z] <<< [apiv2][status] GET https://firebase.googleapis.com/v1beta1/projects 200
[debug] [2024-02-02T05:32:06.168Z] <<< [apiv2][body] GET https://firebase.googleapis.com/v1beta1/projects [omitted]
[info] i  Using project thyroid-405309 (Thyroid) 
[info] 
=== Hosting Setup
[debug] [2024-02-02T05:32:08.364Z] >>> [apiv2][query] GET https://firebase.googleapis.com/v1beta1/projects/thyroid-405309 [none]
[debug] [2024-02-02T05:32:09.025Z] <<< [apiv2][status] GET https://firebase.googleapis.com/v1beta1/projects/thyroid-405309 200
[debug] [2024-02-02T05:32:09.025Z] <<< [apiv2][body] GET https://firebase.googleapis.com/v1beta1/projects/thyroid-405309 {"projectId":"thyroid-405309","projectNumber":"494514960560","displayName":"Thyroid","name":"projects/thyroid-405309","resources":{"hostingSite":"thyroid-405309"},"state":"ACTIVE","etag":"1_3dd6ea8f-7d4c-43bf-a281-1f7190263190"}
[info] 
[info] Your public directory is the folder (relative to your project directory) that
[info] will contain Hosting assets to be uploaded with firebase deploy. If you
[info] have a build process for your assets, use your build's output directory.
[info] 
